Netlist file circuits/delay_test.cir loaded, devices created:
  1 resistors
  2 capacitors
  0 inductors
  1 independent voltage sources
  0 independent current sources
  0 VCCS
  0 VCVS
  0 CCCS
  0 CCVS
  2 Standard cells
Time spent in netlist parsing: 0.224 milliseconds
Netlist file circuits/delay_test.cir loaded, devices created:
  1 resistors
  2 capacitors
  0 inductors
  1 independent voltage sources
  0 independent current sources
  0 VCCS
  0 VCVS
  0 CCCS
  0 CCVS
  2 Standard cells
Time spent in netlist parsing: 1.073 milliseconds
Reading Lib data file circuits/INVx2_ASAP7_75t_R.dat
Ground node identified as node "GND"
Circuit built for fd, devices created:
  3 resistors
  4 capacitors
  0 inductors
  3 independent voltage sources
  0 independent current sources
  0 VCCS
  0 VCVS
  0 CCCS
  0 CCVS
6 nodes created
1 lib cells loaded
Time spent in building circuit for fd: 0.360 milliseconds
DEBUG: Start calculate delay of cell arc Xdriver : A->Y
DEBUG: Load cap Xloader/A/Cl value updated to 1.31949E-15
DEBUG: input v: 2E-10 values: 5E-12 1E-11 2E-11 4E-11 8E-11 1.6E-10 3.2E-10 
DEBUG: input v: 9.5132E-13 values: 1.44E-15 2.88E-15 5.76E-15 1.152E-14 2.304E-14 4.608E-14 9.216E-14 
DEBUG: inputTran: 2E-10 ([1.6E-10, 3.2E-10]), outputLoad: 9.51319E-13 ([4.608E-14, 9.216E-14])
DEBUG:                    (X1) 1.6E-10      (X2) 3.2E-10
DEBUG: (Y1) 4.608E-14         (Z1) 1.17479E-10      (Z2) 1.59068E-10
DEBUG: (Y2) 3.2E-10         (Z3) 1.78268E-10      (Z4) 2.34122E-10
  --                                               --         --          --
  |           1     1.6e-10   4.608e-14  1.4746e-23 |         |  1.1748e-10 | 
  |           1     3.2e-10   4.608e-14  2.9491e-23 |         |  1.5907e-10 | 
  |           1     1.6e-10   9.216e-14 -1.0963e-06 |  * X =  |  1.7827e-10 | 
  |           1     3.2e-10   9.216e-14 -6.4443e-07 |         |  2.3412e-10 | 
  --                                               --         --          --
DEBUG: x = [-1.95059E-11, 0.259931, 2070.22, 3.15659E-05]
DEBUG: -1.95059E-11 + 0.259931*2E-10 + 2070.22*9.51319E-13 + 3.15659E-05*2E-10*9.51319E-13 = 2.00193E-09
DEBUG: input v: 2E-10 values: 5E-12 1E-11 2E-11 4E-11 8E-11 1.6E-10 3.2E-10 
DEBUG: input v: 9.5132E-13 values: 1.44E-15 2.88E-15 5.76E-15 1.152E-14 2.304E-14 4.608E-14 9.216E-14 
DEBUG: inputTran: 2E-10 ([1.6E-10, 3.2E-10]), outputLoad: 9.51319E-13 ([4.608E-14, 9.216E-14])
DEBUG:                    (X1) 1.6E-10      (X2) 3.2E-10
DEBUG: (Y1) 4.608E-14         (Z1) 1.61596E-10      (Z2) 2.03838E-10
DEBUG: (Y2) 3.2E-10         (Z3) 2.88277E-10      (Z4) 3.22286E-10
  --                                               --         --          --
  |           1     1.6e-10   4.608e-14  1.4746e-23 |         |  1.616e-10 | 
  |           1     3.2e-10   4.608e-14  2.9491e-23 |         |  2.0384e-10 | 
  |           1     1.6e-10   9.216e-14 -1.0963e-06 |  * X =  |  2.8828e-10 | 
  |           1     3.2e-10   9.216e-14 -6.4443e-07 |         |  3.2229e-10 | 
  --                                               --         --          --
DEBUG: x = [1.26463E-11, 0.264012, 2315.71, -1.82181E-05]
DEBUG: 1.26463E-11 + 0.264012*2E-10 + 2315.71*9.51319E-13 + -1.82181E-05*2E-10*9.51319E-13 = 2.26842E-09
DEBUG: rise : T, inTran = 2E-10, outLoad = 9.51319E-13, delay = 2.00193E-09, trans = 2.26842E-09
DEBUG: Init params: inTran: 2E-10, Rd: 740.788, effCap: 9.51319E-13, T50: 2.00193E-09, outTran: 2.26842E-09. T20: 1.15127E-09, dT: 2.83553E-09, Tz: 9.78989E-11
DEBUG: new tZero = 1.18138E-10, tDelta = 2.45543E-09 solved after 3 iterations
